D:\CLASS4\CONSOLEAPPLICATION1\CONSOLEAPPLICATION1\DEBUG\CONSOLEAPPLICATION1.PCH
D:\CLASS4\CONSOLEAPPLICATION1\CONSOLEAPPLICATION1\DEBUG\STDAFX.OBJ
D:\CLASS4\CONSOLEAPPLICATION1\CONSOLEAPPLICATION1\DEBUG\VC110.PDB
D:\CLASS4\CONSOLEAPPLICATION1\CONSOLEAPPLICATION1\DEBUG\CONSOLEAPPLICATION1.OBJ
D:\CLASS4\CONSOLEAPPLICATION1\DEBUG\CONSOLEAPPLICATION1.ILK
D:\CLASS4\CONSOLEAPPLICATION1\DEBUG\CONSOLEAPPLICATION1.EXE
D:\CLASS4\CONSOLEAPPLICATION1\DEBUG\CONSOLEAPPLICATION1.PDB
D:\class4\ConsoleApplication1\ConsoleApplication1\Debug\ConsoleApplication1.obj
D:\class4\ConsoleApplication1\ConsoleApplication1\Debug\stdafx.obj
D:\class4\ConsoleApplication1\ConsoleApplication1\Debug\cl.command.1.tlog
D:\class4\ConsoleApplication1\ConsoleApplication1\Debug\CL.read.1.tlog
D:\class4\ConsoleApplication1\ConsoleApplication1\Debug\CL.write.1.tlog
D:\class4\ConsoleApplication1\ConsoleApplication1\Debug\link-cvtres.read.1.tlog
D:\class4\ConsoleApplication1\ConsoleApplication1\Debug\link-cvtres.write.1.tlog
D:\class4\ConsoleApplication1\ConsoleApplication1\Debug\link-rc.read.1.tlog
D:\class4\ConsoleApplication1\ConsoleApplication1\Debug\link-rc.write.1.tlog
D:\class4\ConsoleApplication1\ConsoleApplication1\Debug\link.command.1.tlog
D:\class4\ConsoleApplication1\ConsoleApplication1\Debug\link.read.1.tlog
D:\class4\ConsoleApplication1\ConsoleApplication1\Debug\link.write.1.tlog
D:\class4\ConsoleApplication1\ConsoleApplication1\Debug\ConsoleApplication1.pch
D:\class4\ConsoleApplication1\ConsoleApplication1\Debug\vc110.idb
D:\class4\ConsoleApplication1\ConsoleApplication1\Debug\vc110.pdb
D:\class4\ConsoleApplication1\Debug\ConsoleApplication1.pdb
D:\class4\ConsoleApplication1\Debug\ConsoleApplication1.exe
D:\class4\ConsoleApplication1\Debug\ConsoleApplication1.ilk
